<component name="libraryTable">
  <library name="JUnit Dependencies">
    <CLASSES>
      <root url="file://$PROJECT_DIR$/../JUnit Dependencies" />
    </CLASSES>
    <JAVADOC />
    <SOURCES />
    <jarDirectory url="file://$PROJECT_DIR$/../JUnit Dependencies" recursive="false" />
  </library>
</component>